20230731	12:02:43	43f946f1-bbab-4f75-8941-91ebc2c916bb	POST	/signup	undefined
20230731	12:04:29	879b02e8-9ca1-4b17-b7d2-866227d10acc	POST	/auth/signup	undefined
20230731	12:14:42	d09b2a3b-5d8d-4c64-a106-d5f57e069133	POST	/auth/signup	undefined
20230731	12:18:06	af0c436b-9610-4c39-a3b9-17b393c5c3c7	POST	/auth/signup	undefined
20230731	12:20:50	02128e45-37f2-47f6-ac5d-dcf64f55b29e	POST	/auth/signup	undefined
20230731	12:27:14	fe0a0e34-538e-4377-bcdf-ced6e2e97647	POST	/auth/login	undefined
20230731	12:27:39	2b9a70b8-435b-43ab-8db5-ea99af4dfb86	POST	/auth/login	undefined
20230731	12:27:49	dfbd111f-b860-4984-96e8-b77e552cb8de	POST	/auth/login	undefined
20230731	12:31:05	bd847995-731f-45a8-8b10-f6c6df10480a	GET	/user/64c75927e9ed6baf13cbd2e2	undefined
20230731	12:33:12	7311888f-0360-4112-9e68-3dfdc6abefe6	GET	/user/get/64c75927e9ed6baf13cbd2e2	undefined
20230731	12:34:09	08e842a2-f5e6-42b5-a36a-d8f54c21481e	GET	/auth/user/get/64c75927e9ed6baf13cbd2e2	undefined
20230731	12:34:52	12f35eff-0d49-476e-b565-17bb7fb8b07b	GET	/auth/user/get/64c75927e9ed6baf13cbd2e2	undefined
20230731	12:35:06	b81c6791-8424-4f74-8cf0-316fa70d9ca7	POST	/auth/signup	undefined
20230731	12:35:56	fc7ab030-f86a-43df-a232-762915fe9e50	GET	/auth/user/get/64c75927e9ed6baf13cbd2e2	undefined
20230731	12:50:19	b9970499-3682-40c0-8874-b147c7a86709	PATCH	/auth/user/update/64c75927e9ed6baf13cbd2e2	undefined
20230731	12:51:02	113a4806-fa14-45ad-bacb-c74b9096c905	PATCH	/auth/user/update/64c75927e9ed6baf13cbd2e2	undefined
20230731	12:51:31	2dffe975-081f-4939-9713-d4111628787d	PATCH	/auth/user/update/64c75927e9ed6baf13cbd2e2	undefined
20230731	12:52:46	0618eaa9-0a62-4e70-a793-39c074deeb15	PATCH	/auth/user/update/64c75927e9ed6baf13cbd2e2	undefined
20230731	14:12:27	48d30247-50a9-4298-b7e6-e8bfe6fa2aef	POST	/accounts/new	undefined
20230731	14:12:32	3b80230d-a806-43cc-8307-857ae5baa991	POST	/accounts/new	undefined
20230731	14:12:46	61cf19fc-f799-4314-a2fc-0605151ed2d0	POST	/accounts/new	undefined
20230731	14:13:46	96dbb343-0a7d-4ad9-9e72-f5b77909f581	POST	/accounts/new	undefined
20230731	14:13:57	82dd6730-0576-47bb-b323-d3d825556c8d	POST	/auth/login	undefined
20230731	14:14:24	0b4d35da-df27-4206-8f05-632a16bb48ad	POST	/accounts/new	undefined
20230731	14:20:58	6ffadfb7-c7b6-425b-a1a4-0e85b94fcfa3	POST	/accounts/new	undefined
20230731	14:23:15	1e52be67-4355-4f0c-8b9d-21c5a8e7e458	POST	/accounts/new	undefined
20230731	14:24:32	43842ce0-366f-4c20-8469-0b1d0804d2fb	POST	/accounts/new	undefined
20230731	14:24:51	636b703c-ec7b-4614-acfd-9f37b4793d07	GET	/accounts	undefined
20230731	14:25:38	b8bb2be3-d866-450d-a3e8-fb35189244f3	POST	/accounts/new	undefined
20230731	14:26:48	78547e78-95f9-48da-bbc8-335ab9b2b6ce	POST	/accounts/new	undefined
20230731	14:28:10	5dc5f346-b580-47f1-9446-ac3cb78af7ad	POST	/accounts/new	undefined
20230731	14:28:41	11e0f425-10f5-4fa7-9241-9299d147be4e	POST	/accounts/new	undefined
20230731	14:29:13	d50b6662-fae4-4e14-af6a-754e5a88ef94	POST	/accounts/new	undefined
20230731	14:29:40	50d73f76-5d35-437e-8a91-78f056aa4d10	POST	/accounts/new	undefined
20230731	14:30:15	57fd61e4-ad2e-4c1b-bbc4-eab089a944c8	POST	/accounts/new	undefined
20230731	14:30:42	c4389076-e620-4225-8660-ec302695cade	POST	/accounts/new	undefined
20230731	14:31:41	c9e49859-df7f-40c6-866d-48e1b5505656	POST	/accounts/new	undefined
20230731	14:32:27	7e4a106a-712b-4c50-a705-f803e90f92f6	POST	/accounts/new	undefined
20230731	14:34:53	4db2bf5e-dc55-4111-a356-fd4755c43bf6	POST	/accounts/new	undefined
20230731	14:35:39	5d174370-0e58-4234-9d03-dc500a5032d7	POST	/accounts/new	undefined
20230731	14:36:00	93ee21e6-e939-4c2e-8844-4ef187527e3c	POST	/accounts/new	undefined
